<?xml version="1.0" encoding="utf-8"?><testsuites name="pytest tests"><testsuite name="pytest" errors="0" failures="0" skipped="0" tests="11" time="1.845" timestamp="2026-08-29T13:36:16.908114+00:00" hostname="agent-env-83f16916-6bcd-4274-afc9-3d1a752e8481"><testcase classname="tests.backend_test.TestBookingRegression" name="test_create_booking_and_track" time="1.125" /><testcase classname="tests.backend_test.TestTrack" name="test_track_exact" time="0.167" /><testcase classname="tests.backend_test.TestTrack" name="test_track_lowercase" time="0.076" /><testcase classname="tests.backend_test.TestTrack" name="test_track_with_whitespace" time="0.070" /><testcase classname="tests.backend_test.TestTrack" name="test_track_inner_whitespace" time="0.074" /><testcase classname="tests.backend_test.TestTrack" name="test_track_number_six" time="0.071" /><testcase classname="tests.backend_test.TestTrack" name="test_track_invalid" time="0.068" /><testcase classname="tests.backend_test.TestAdminAuth" name="test_login" time="0.296" /><testcase classname="tests.backend_test.TestAdminAuth" name="test_login_bad_password" time="0.343" /><testcase classname="tests.backend_test.TestBookingRegression" name="test_create_booking_invalid_chair_type" time="0.118" /><testcase classname="tests.backend_test.TestBookingRegression" name="test_create_booking_past_date" time="0.075" /></testsuite></testsuites>